<?xml version="1.0" encoding="UTF-8"?>
<testsuite name="library.LibraryTest" tests="1" skipped="0" failures="0" errors="0" timestamp="2020-11-19T18:46:08" hostname="DESKTOP-R1UH3PM" time="0.008">
  <properties/>
  <testcase name="testSomeLibraryMethod" classname="library.LibraryTest" time="0.008"/>
  <system-out><![CDATA[]]></system-out>
  <system-err><![CDATA[]]></system-err>
</testsuite>
